<?xml version="1.0" encoding="UTF-8"?>
<testsuite xmlns:xsi="http://www.w3.org/2001/XMLSchema-instance" xsi:noNamespaceSchemaLocation="https://maven.apache.org/surefire/maven-surefire-plugin/xsd/surefire-test-report-3.0.xsd" version="3.0" name="Karate.KarateTestScriptsSample.TestRunner" time="9.41" tests="1" errors="0" skipped="0" failures="0">
  <properties>
[...]
</properties>
  <testcase name="[1:47] testing the get call for User Details" classname="[userDetails] fetching User Details" time="5.703">
    <system-out><![CDATA[22:41:53.501 [main] WARN com.intuit.karate - skipping bootstrap configuration: could not find or read file: classpath:karate-config.js
22:41:56.683 [main] DEBUG org.apache.http.client.protocol.RequestAddCookies - CookieSpec selected: karate
22:41:56.723 [main] DEBUG org.apache.http.client.protocol.RequestAuthCache - Auth cache not set in the context
22:41:56.727 [main] DEBUG com.intuit.karate - request:
1 > GET https://reqres.in/api/users/2
1 > Accept-Encoding: gzip,deflate
1 > Connection: Keep-Alive
1 > Host: reqres.in
1 > User-Agent: Apache-HttpClient/4.5.11 (Java/1.8.0_202)

22:41:56.733 [main] DEBUG org.apache.http.impl.conn.PoolingHttpClientConnectionManager - Connection request: [route: {s}->https://reqres.in:443][total available: 0; route allocated: 0 of 5; total allocated: 0 of 10]
22:41:56.797 [main] DEBUG org.apache.http.impl.conn.PoolingHttpClientConnectionManager - Connection leased: [id: 0][route: {s}->https://reqres.in:443][total available: 0; route allocated: 1 of 5; total allocated: 1 of 10]
22:41:56.801 [main] DEBUG org.apache.http.impl.execchain.MainClientExec - Opening connection {s}->https://reqres.in:443
22:41:56.870 [main] DEBUG org.apache.http.impl.conn.DefaultHttpClientConnectionOperator - Connecting to reqres.in/104.21.59.93:443
22:41:56.871 [main] DEBUG org.apache.http.conn.ssl.SSLConnectionSocketFactory - Connecting socket to reqres.in/104.21.59.93:443 with timeout 30000
22:41:57.329 [main] DEBUG org.apache.http.conn.ssl.SSLConnectionSocketFactory - Enabled protocols: [TLSv1, TLSv1.1, TLSv1.2]
22:41:57.330 [main] DEBUG org.apache.http.conn.ssl.SSLConnectionSocketFactory - Enabled cipher suites:[TLS_ECDHE_ECDSA_WITH_AES_256_CBC_SHA384, TLS_ECDHE_RSA_WITH_AES_256_CBC_SHA384, TLS_RSA_WITH_AES_256_CBC_SHA256, TLS_ECDH_ECDSA_WITH_AES_256_CBC_SHA384, TLS_ECDH_RSA_WITH_AES_256_CBC_SHA384, TLS_DHE_RSA_WITH_AES_256_CBC_SHA256, TLS_DHE_DSS_WITH_AES_256_CBC_SHA256, TLS_ECDHE_ECDSA_WITH_AES_256_CBC_SHA, TLS_ECDHE_RSA_WITH_AES_256_CBC_SHA, TLS_RSA_WITH_AES_256_CBC_SHA, TLS_ECDH_ECDSA_WITH_AES_256_CBC_SHA, TLS_ECDH_RSA_WITH_AES_256_CBC_SHA, TLS_DHE_RSA_WITH_AES_256_CBC_SHA, TLS_DHE_DSS_WITH_AES_256_CBC_SHA, TLS_ECDHE_ECDSA_WITH_AES_128_CBC_SHA256, TLS_ECDHE_RSA_WITH_AES_128_CBC_SHA256, TLS_RSA_WITH_AES_128_CBC_SHA256, TLS_ECDH_ECDSA_WITH_AES_128_CBC_SHA256, TLS_ECDH_RSA_WITH_AES_128_CBC_SHA256, TLS_DHE_RSA_WITH_AES_128_CBC_SHA256, TLS_DHE_DSS_WITH_AES_128_CBC_SHA256, TLS_ECDHE_ECDSA_WITH_AES_128_CBC_SHA, TLS_ECDHE_RSA_WITH_AES_128_CBC_SHA, TLS_RSA_WITH_AES_128_CBC_SHA, TLS_ECDH_ECDSA_WITH_AES_128_CBC_SHA, TLS_ECDH_RSA_WITH_AES_128_CBC_SHA, TLS_DHE_RSA_WITH_AES_128_CBC_SHA, TLS_DHE_DSS_WITH_AES_128_CBC_SHA, TLS_ECDHE_ECDSA_WITH_AES_256_GCM_SHA384, TLS_ECDHE_ECDSA_WITH_AES_128_GCM_SHA256, TLS_ECDHE_RSA_WITH_AES_256_GCM_SHA384, TLS_RSA_WITH_AES_256_GCM_SHA384, TLS_ECDH_ECDSA_WITH_AES_256_GCM_SHA384, TLS_ECDH_RSA_WITH_AES_256_GCM_SHA384, TLS_DHE_RSA_WITH_AES_256_GCM_SHA384, TLS_DHE_DSS_WITH_AES_256_GCM_SHA384, TLS_ECDHE_RSA_WITH_AES_128_GCM_SHA256, TLS_RSA_WITH_AES_128_GCM_SHA256, TLS_ECDH_ECDSA_WITH_AES_128_GCM_SHA256, TLS_ECDH_RSA_WITH_AES_128_GCM_SHA256, TLS_DHE_RSA_WITH_AES_128_GCM_SHA256, TLS_DHE_DSS_WITH_AES_128_GCM_SHA256]
22:41:57.330 [main] DEBUG org.apache.http.conn.ssl.SSLConnectionSocketFactory - Starting handshake
22:41:57.686 [main] DEBUG org.apache.http.conn.ssl.SSLConnectionSocketFactory - Secure session established
22:41:57.686 [main] DEBUG org.apache.http.conn.ssl.SSLConnectionSocketFactory -  negotiated protocol: TLSv1.2
22:41:57.686 [main] DEBUG org.apache.http.conn.ssl.SSLConnectionSocketFactory -  negotiated cipher suite: TLS_ECDHE_ECDSA_WITH_AES_128_GCM_SHA256
22:41:57.686 [main] DEBUG org.apache.http.conn.ssl.SSLConnectionSocketFactory -  peer principal: CN=sni.cloudflaressl.com, O="Cloudflare, Inc.", L=San Francisco, ST=CA, C=US
22:41:57.687 [main] DEBUG org.apache.http.conn.ssl.SSLConnectionSocketFactory -  peer alternative names: [reqres.in, sni.cloudflaressl.com, *.reqres.in]
22:41:57.687 [main] DEBUG org.apache.http.conn.ssl.SSLConnectionSocketFactory -  issuer principal: CN=Cloudflare Inc ECC CA-3, O="Cloudflare, Inc.", C=US
22:41:57.704 [main] DEBUG org.apache.http.impl.conn.DefaultHttpClientConnectionOperator - Connection established 192.168.1.75:49932<->104.21.59.93:443
22:41:57.704 [main] DEBUG org.apache.http.impl.conn.DefaultManagedHttpClientConnection - http-outgoing-0: set socket timeout to 30000
22:41:57.704 [main] DEBUG org.apache.http.impl.execchain.MainClientExec - Executing request GET /api/users/2 HTTP/1.1
22:41:57.705 [main] DEBUG org.apache.http.impl.execchain.MainClientExec - Target auth state: UNCHALLENGED
22:41:57.705 [main] DEBUG org.apache.http.impl.execchain.MainClientExec - Proxy auth state: UNCHALLENGED
22:41:57.727 [main] DEBUG org.apache.http.headers - http-outgoing-0 >> GET /api/users/2 HTTP/1.1
22:41:57.728 [main] DEBUG org.apache.http.headers - http-outgoing-0 >> Host: reqres.in
22:41:57.728 [main] DEBUG org.apache.http.headers - http-outgoing-0 >> Connection: Keep-Alive
22:41:57.728 [main] DEBUG org.apache.http.headers - http-outgoing-0 >> User-Agent: Apache-HttpClient/4.5.11 (Java/1.8.0_202)
22:41:57.728 [main] DEBUG org.apache.http.headers - http-outgoing-0 >> Accept-Encoding: gzip,deflate
22:41:57.729 [main] DEBUG org.apache.http.wire - http-outgoing-0 >> "GET /api/users/2 HTTP/1.1[\r][\n]"
22:41:57.729 [main] DEBUG org.apache.http.wire - http-outgoing-0 >> "Host: reqres.in[\r][\n]"
22:41:57.730 [main] DEBUG org.apache.http.wire - http-outgoing-0 >> "Connection: Keep-Alive[\r][\n]"
22:41:57.730 [main] DEBUG org.apache.http.wire - http-outgoing-0 >> "User-Agent: Apache-HttpClient/4.5.11 (Java/1.8.0_202)[\r][\n]"
22:41:57.730 [main] DEBUG org.apache.http.wire - http-outgoing-0 >> "Accept-Encoding: gzip,deflate[\r][\n]"
22:41:57.730 [main] DEBUG org.apache.http.wire - http-outgoing-0 >> "[\r][\n]"
22:41:57.806 [main] DEBUG org.apache.http.wire - http-outgoing-0 << "HTTP/1.1 200 OK[\r][\n]"
22:41:57.806 [main] DEBUG org.apache.http.wire - http-outgoing-0 << "Date: Sun, 11 Apr 2021 03:41:58 GMT[\r][\n]"
22:41:57.806 [main] DEBUG org.apache.http.wire - http-outgoing-0 << "Content-Type: application/json; charset=utf-8[\r][\n]"
22:41:57.839 [main] DEBUG org.apache.http.wire - http-outgoing-0 << "Transfer-Encoding: chunked[\r][\n]"
22:41:57.839 [main] DEBUG org.apache.http.wire - http-outgoing-0 << "Connection: keep-alive[\r][\n]"
22:41:57.840 [main] DEBUG org.apache.http.wire - http-outgoing-0 << "Set-Cookie: __cfduid=d6b7cb4ed500a48d18eab030d164f16931618112518; expires=Tue, 11-May-21 03:41:58 GMT; path=/; domain=.reqres.in; HttpOnly; SameSite=Lax; Secure[\r][\n]"
22:41:57.840 [main] DEBUG org.apache.http.wire - http-outgoing-0 << "X-Powered-By: Express[\r][\n]"
22:41:57.840 [main] DEBUG org.apache.http.wire - http-outgoing-0 << "Access-Control-Allow-Origin: *[\r][\n]"
22:41:57.840 [main] DEBUG org.apache.http.wire - http-outgoing-0 << "Etag: W/"118-pbdwwFo9SKNhD3Lx5iHJyngpq00"[\r][\n]"
22:41:57.840 [main] DEBUG org.apache.http.wire - http-outgoing-0 << "Via: 1.1 vegur[\r][\n]"
22:41:57.841 [main] DEBUG org.apache.http.wire - http-outgoing-0 << "Cache-Control: max-age=14400[\r][\n]"
22:41:57.841 [main] DEBUG org.apache.http.wire - http-outgoing-0 << "CF-Cache-Status: HIT[\r][\n]"
22:41:57.841 [main] DEBUG org.apache.http.wire - http-outgoing-0 << "Age: 1728[\r][\n]"
22:41:57.841 [main] DEBUG org.apache.http.wire - http-outgoing-0 << "cf-request-id: 09609eafae000027d45f94f000000001[\r][\n]"
22:41:57.842 [main] DEBUG org.apache.http.wire - http-outgoing-0 << "Expect-CT: max-age=604800, report-uri="https://report-uri.cloudflare.com/cdn-cgi/beacon/expect-ct"[\r][\n]"
22:41:57.842 [main] DEBUG org.apache.http.wire - http-outgoing-0 << "Report-To: {"max_age":604800,"endpoints":[{"url":"https:\/\/a.nel.cloudflare.com\/report?s=B7gVneUtCFjLLZQ%2FdXqOP5SeH01x8sJpanC6wglUdYHLMtXtVMxrWKMh87W5Ii%2FkTSW6CTEU9gkvCjaT8UK%2Fl%2FE7C2JF6nPv99U%3D"}],"group":"cf-nel"}[\r][\n]"
22:41:57.842 [main] DEBUG org.apache.http.wire - http-outgoing-0 << "NEL: {"max_age":604800,"report_to":"cf-nel"}[\r][\n]"
22:41:57.842 [main] DEBUG org.apache.http.wire - http-outgoing-0 << "Vary: Accept-Encoding[\r][\n]"
22:41:57.842 [main] DEBUG org.apache.http.wire - http-outgoing-0 << "Server: cloudflare[\r][\n]"
22:41:57.842 [main] DEBUG org.apache.http.wire - http-outgoing-0 << "CF-RAY: 63e133c5eb2427d4-SLC[\r][\n]"
22:41:57.842 [main] DEBUG org.apache.http.wire - http-outgoing-0 << "Content-Encoding: gzip[\r][\n]"
22:41:57.842 [main] DEBUG org.apache.http.wire - http-outgoing-0 << "alt-svc: h3-27=":443"; ma=86400, h3-28=":443"; ma=86400, h3-29=":443"; ma=86400[\r][\n]"
22:41:57.842 [main] DEBUG org.apache.http.wire - http-outgoing-0 << "[\r][\n]"
22:41:57.842 [main] DEBUG org.apache.http.wire - http-outgoing-0 << "d0[\r][\n]"
22:41:57.843 [main] DEBUG org.apache.http.wire - http-outgoing-0 << "[0x1f][0x8b][0x8][0x0][0x0][0x0][0x0][0x0][0x0][0x3]m[0x8e][0xb1]j[0xc3]0[0x14]EE[0xbd]Y[0x15][0x1b]2j[0xea][0xdc]1[0x14]:[0x96]W[0xfb][0xda]QjK[0xca][0xd3][0xb3][0x13][0x8][0xfe][0xf7][0x92]R[0xda][0xa5][0xeb][0xe5][0x9c][0xc3][0xbd][0xa3][0x17][0x13][0x84];b[0x8f]p[0xf0][0xe0],qB[0xc0]Y[0x12][0xad][0xb9]RV[0xea][0xb3][0xf2][0xa2][0xac]ML[0xf0][0x18][0xa2]V{O2[0x13][0x1]/[0xf][\n]"
22:41:57.843 [main] DEBUG org.apache.http.wire - http-outgoing-0 << "[0x1e][0x93][0xfc]mo[0xdf][0xe]<d[0x15][0x13]E[0xc0][0xc9][0xac][0xd4][0xd0][0xb6][0xbf][0x99]6[0xce]c;H[0xc7][0xda][0x1e][0xf6]q[0x96][0x91][0xcd][0xb9][0x8c][0xd8]<[0xea]RJV{[0x1c]Zt[0xfa][0xd7][0xdd][0xfd]0[0xfb][0x13][0xa5][0x8f]i[0x84][0x87][0xf1]f[0x8]x[0xcd][0xee][0x93],[0xee][0xc8][0xcb][0x91][0xd5][\r]Jz[0xd7][0xe5]d[0x1a]?[0x16][0x8b]9Ug[0xf9]*[0xda]WW[0xa9]+[0xd5]u[0xb9]Zu[0xa2]tR[0x8a][0xb2][0x8b]b[0xec][0x9f][0xb0]m_[0xb][0x8c][0xc5][0xb5][0x18][0x1][0x0][0x0][\r][\n]"
22:41:57.847 [main] DEBUG org.apache.http.headers - http-outgoing-0 << HTTP/1.1 200 OK
22:41:57.847 [main] DEBUG org.apache.http.headers - http-outgoing-0 << Date: Sun, 11 Apr 2021 03:41:58 GMT
22:41:57.847 [main] DEBUG org.apache.http.headers - http-outgoing-0 << Content-Type: application/json; charset=utf-8
22:41:57.847 [main] DEBUG org.apache.http.headers - http-outgoing-0 << Transfer-Encoding: chunked
22:41:57.847 [main] DEBUG org.apache.http.headers - http-outgoing-0 << Connection: keep-alive
22:41:57.847 [main] DEBUG org.apache.http.headers - http-outgoing-0 << Set-Cookie: __cfduid=d6b7cb4ed500a48d18eab030d164f16931618112518; expires=Tue, 11-May-21 03:41:58 GMT; path=/; domain=.reqres.in; HttpOnly; SameSite=Lax; Secure
22:41:57.847 [main] DEBUG org.apache.http.headers - http-outgoing-0 << X-Powered-By: Express
22:41:57.847 [main] DEBUG org.apache.http.headers - http-outgoing-0 << Access-Control-Allow-Origin: *
22:41:57.848 [main] DEBUG org.apache.http.headers - http-outgoing-0 << Etag: W/"118-pbdwwFo9SKNhD3Lx5iHJyngpq00"
22:41:57.848 [main] DEBUG org.apache.http.headers - http-outgoing-0 << Via: 1.1 vegur
22:41:57.848 [main] DEBUG org.apache.http.headers - http-outgoing-0 << Cache-Control: max-age=14400
22:41:57.848 [main] DEBUG org.apache.http.headers - http-outgoing-0 << CF-Cache-Status: HIT
22:41:57.848 [main] DEBUG org.apache.http.headers - http-outgoing-0 << Age: 1728
22:41:57.848 [main] DEBUG org.apache.http.headers - http-outgoing-0 << cf-request-id: 09609eafae000027d45f94f000000001
22:41:57.848 [main] DEBUG org.apache.http.headers - http-outgoing-0 << Expect-CT: max-age=604800, report-uri="https://report-uri.cloudflare.com/cdn-cgi/beacon/expect-ct"
22:41:57.848 [main] DEBUG org.apache.http.headers - http-outgoing-0 << Report-To: {"max_age":604800,"endpoints":[{"url":"https:\/\/a.nel.cloudflare.com\/report?s=B7gVneUtCFjLLZQ%2FdXqOP5SeH01x8sJpanC6wglUdYHLMtXtVMxrWKMh87W5Ii%2FkTSW6CTEU9gkvCjaT8UK%2Fl%2FE7C2JF6nPv99U%3D"}],"group":"cf-nel"}
22:41:57.848 [main] DEBUG org.apache.http.headers - http-outgoing-0 << NEL: {"max_age":604800,"report_to":"cf-nel"}
22:41:57.848 [main] DEBUG org.apache.http.headers - http-outgoing-0 << Vary: Accept-Encoding
22:41:57.848 [main] DEBUG org.apache.http.headers - http-outgoing-0 << Server: cloudflare
22:41:57.848 [main] DEBUG org.apache.http.headers - http-outgoing-0 << CF-RAY: 63e133c5eb2427d4-SLC
22:41:57.851 [main] DEBUG org.apache.http.headers - http-outgoing-0 << Content-Encoding: gzip
22:41:57.851 [main] DEBUG org.apache.http.headers - http-outgoing-0 << alt-svc: h3-27=":443"; ma=86400, h3-28=":443"; ma=86400, h3-29=":443"; ma=86400
22:41:57.859 [main] DEBUG org.apache.http.impl.execchain.MainClientExec - Connection can be kept alive indefinitely
22:41:58.048 [main] DEBUG org.apache.http.client.protocol.ResponseProcessCookies - Cookie accepted [__cfduid="d6b7cb4ed500a48d18eab030d164f16931618112518", version:0, domain:reqres.in, path:/, expiry:Mon May 10 22:41:58 CDT 2021]
22:41:58.081 [main] DEBUG org.apache.http.wire - http-outgoing-0 << "0[\r][\n]"
22:41:58.081 [main] DEBUG org.apache.http.wire - http-outgoing-0 << "[\r][\n]"
22:41:58.081 [main] DEBUG org.apache.http.impl.conn.PoolingHttpClientConnectionManager - Connection [id: 0][route: {s}->https://reqres.in:443] can be kept alive indefinitely
22:41:58.082 [main] DEBUG org.apache.http.impl.conn.DefaultManagedHttpClientConnection - http-outgoing-0: set socket timeout to 0
22:41:58.082 [main] DEBUG org.apache.http.impl.conn.PoolingHttpClientConnectionManager - Connection released: [id: 0][route: {s}->https://reqres.in:443][total available: 1; route allocated: 1 of 5; total allocated: 1 of 10]
22:41:58.082 [main] DEBUG com.intuit.karate - response time in milliseconds: 1319.05
1 < 200
1 < Access-Control-Allow-Origin: *
1 < Age: 1728
1 < CF-Cache-Status: HIT
1 < CF-RAY: 63e133c5eb2427d4-SLC
1 < Cache-Control: max-age=14400
1 < Connection: keep-alive
1 < Content-Type: application/json; charset=utf-8
1 < Date: Sun, 11 Apr 2021 03:41:58 GMT
1 < Etag: W/"118-pbdwwFo9SKNhD3Lx5iHJyngpq00"
1 < Expect-CT: max-age=604800, report-uri="https://report-uri.cloudflare.com/cdn-cgi/beacon/expect-ct"
1 < NEL: {"max_age":604800,"report_to":"cf-nel"}
1 < Report-To: {"max_age":604800,"endpoints":[{"url":"https:\/\/a.nel.cloudflare.com\/report?s=B7gVneUtCFjLLZQ%2FdXqOP5SeH01x8sJpanC6wglUdYHLMtXtVMxrWKMh87W5Ii%2FkTSW6CTEU9gkvCjaT8UK%2Fl%2FE7C2JF6nPv99U%3D"}],"group":"cf-nel"}
1 < Server: cloudflare
1 < Set-Cookie: __cfduid=d6b7cb4ed500a48d18eab030d164f16931618112518; expires=Tue, 11-May-21 03:41:58 GMT; path=/; domain=.reqres.in; HttpOnly; SameSite=Lax; Secure
1 < Transfer-Encoding: chunked
1 < Vary: Accept-Encoding
1 < Via: 1.1 vegur
1 < X-Powered-By: Express
1 < alt-svc: h3-27=":443"; ma=86400, h3-28=":443"; ma=86400, h3-29=":443"; ma=86400
1 < cf-request-id: 09609eafae000027d45f94f000000001
{"data":{"id":2,"email":"janet.weaver@reqres.in","first_name":"Janet","last_name":"Weaver","avatar":"https://reqres.in/img/faces/2-image.jpg"},"support":{"url":"https://reqres.in/#support-heading","text":"To keep ReqRes free, contributions towards server costs are appreciated!"}}

]]></system-out>
  </testcase>
</testsuite>